<?xml version="1.0" encoding="UTF-8"?>
<testng-results ignored="0" total="1" passed="1" failed="0" skipped="0">
  <reporter-output>
    <line>
      <![CDATA[No of rows are::11]]>
    </line>
    <line>
      <![CDATA[Add Employee Success::19612  19612]]>
    </line>
    <line>
      <![CDATA[Add Employee Success::19613  19613]]>
    </line>
    <line>
      <![CDATA[Add Employee Success::19614  19614]]>
    </line>
    <line>
      <![CDATA[Add Employee Success::19615  19615]]>
    </line>
    <line>
      <![CDATA[Add Employee Success::19616  19616]]>
    </line>
    <line>
      <![CDATA[Add Employee Success::19617  19617]]>
    </line>
    <line>
      <![CDATA[Add Employee Success::19618  19618]]>
    </line>
    <line>
      <![CDATA[Add Employee Success::19619  19619]]>
    </line>
    <line>
      <![CDATA[Add Employee Success::19620  19620]]>
    </line>
    <line>
      <![CDATA[Add Employee Success::19621  19621]]>
    </line>
    <line>
      <![CDATA[Add Employee Success::19622  19622]]>
    </line>
  </reporter-output>
  <suite started-at="2023-04-15T14:04:42 IST" name="Default suite" finished-at="2023-04-15T14:05:45 IST" duration-ms="63252">
    <groups>
    </groups>
    <test started-at="2023-04-15T14:04:42 IST" name="Default test" finished-at="2023-04-15T14:05:45 IST" duration-ms="63252">
      <class name="driverFactory.TestScript">
        <test-method is-config="true" signature="AdminLogin()[pri:0, instance:driverFactory.TestScript@4b29d1d2]" started-at="2023-04-15T14:04:42 IST" name="AdminLogin" finished-at="2023-04-15T14:04:57 IST" duration-ms="15042" status="PASS">
          <reporter-output>
          </reporter-output>
        </test-method> <!-- AdminLogin -->
        <test-method signature="startTest()[pri:0, instance:driverFactory.TestScript@4b29d1d2]" started-at="2023-04-15T14:04:57 IST" name="startTest" finished-at="2023-04-15T14:05:43 IST" duration-ms="46305" status="PASS">
          <reporter-output>
            <line>
              <![CDATA[No of rows are::11]]>
            </line>
            <line>
              <![CDATA[Add Employee Success::19612  19612]]>
            </line>
            <line>
              <![CDATA[Add Employee Success::19613  19613]]>
            </line>
            <line>
              <![CDATA[Add Employee Success::19614  19614]]>
            </line>
            <line>
              <![CDATA[Add Employee Success::19615  19615]]>
            </line>
            <line>
              <![CDATA[Add Employee Success::19616  19616]]>
            </line>
            <line>
              <![CDATA[Add Employee Success::19617  19617]]>
            </line>
            <line>
              <![CDATA[Add Employee Success::19618  19618]]>
            </line>
            <line>
              <![CDATA[Add Employee Success::19619  19619]]>
            </line>
            <line>
              <![CDATA[Add Employee Success::19620  19620]]>
            </line>
            <line>
              <![CDATA[Add Employee Success::19621  19621]]>
            </line>
            <line>
              <![CDATA[Add Employee Success::19622  19622]]>
            </line>
          </reporter-output>
        </test-method> <!-- startTest -->
        <test-method is-config="true" signature="tearDown()[pri:0, instance:driverFactory.TestScript@4b29d1d2]" started-at="2023-04-15T14:05:43 IST" name="tearDown" finished-at="2023-04-15T14:05:45 IST" duration-ms="1804" status="PASS">
          <reporter-output>
          </reporter-output>
        </test-method> <!-- tearDown -->
      </class> <!-- driverFactory.TestScript -->
    </test> <!-- Default test -->
  </suite> <!-- Default suite -->
</testng-results>
